<?xml version="1.0" encoding="UTF-8"?>
<!-- Generated by org.testng.reporters.JUnitReportReporter -->
<testsuite hostname="TYSS-Piyush-Baldaniya" failures="0" tests="1" name="organizations.CreateOrgWithPhoneTest" time="16.290" errors="0" timestamp="2025-02-11T16:34:28 IST" skipped="0">
  <testcase classname="organizations.CreateOrgWithPhoneTest" name="createOrgWithPhoneTest" time="16.290"/>
  <system-out/>
</testsuite> <!-- organizations.CreateOrgWithPhoneTest -->
