<?xml version="1.0" encoding="UTF-8"?>
<!-- Generated by org.testng.reporters.JUnitReportReporter -->
<testsuite hostname="TYSS-Piyush-Baldaniya" failures="0" tests="2" name="extra.Demo" time="0.013" errors="0" timestamp="2025-02-10T17:54:59 IST" skipped="0">
  <testcase classname="extra.Demo" name="deleteAccount" time="0.003"/>
  <system-out>
    <![CDATA[Test Script 1]]>
  </system-out>
  <testcase classname="extra.Demo" name="createAccount" time="0.010"/>
  <system-out>
    <![CDATA[Test Script 2]]>
  </system-out>
</testsuite> <!-- extra.Demo -->
