<?xml version="1.0" encoding="UTF-8"?>
<!-- Generated by org.testng.reporters.JUnitReportReporter -->
<testsuite hostname="TYSS-Piyush-Baldaniya" failures="0" tests="1" name="extra.Reporting" time="2.666" errors="0" timestamp="2025-02-26T17:55:33 IST" skipped="0">
  <testcase classname="extra.Reporting" name="AmazonLogin" time="2.666"/>
  <system-out/>
</testsuite> <!-- extra.Reporting -->
